<?xml version="1.0" encoding="UTF-8"?>
<coverage generated="1661444320099" clover="3.2.0">
  <project timestamp="1661444320099" name="All files">
    <metrics statements="43" coveredstatements="43" conditionals="13" coveredconditionals="13" methods="13" coveredmethods="13" elements="69" coveredelements="69" complexity="0" loc="43" ncloc="43" packages="5" files="6" classes="6"/>
    <package name="src">
      <metrics statements="4" coveredstatements="4" conditionals="4" coveredconditionals="4" methods="1" coveredmethods="1"/>
      <file name="App.tsx" path="/Users/kaiquefeng/www/avatar-upload/src/App.tsx">
        <metrics statements="3" coveredstatements="3" conditionals="4" coveredconditionals="4" methods="1" coveredmethods="1"/>
        <line num="6" count="72" type="stmt"/>
        <line num="7" count="72" type="stmt"/>
        <line num="9" count="72" type="stmt"/>
      </file>
      <file name="main.tsx" path="/Users/kaiquefeng/www/avatar-upload/src/main.tsx">
        <metrics statements="1" coveredstatements="1" conditionals="0" coveredconditionals="0" methods="0" coveredmethods="0"/>
        <line num="8" count="14" type="stmt"/>
      </file>
    </package>
    <package name="src.components.AvatarUpload">
      <metrics statements="3" coveredstatements="3" conditionals="4" coveredconditionals="4" methods="1" coveredmethods="1"/>
      <file name="index.tsx" path="/Users/kaiquefeng/www/avatar-upload/src/components/AvatarUpload/index.tsx">
        <metrics statements="3" coveredstatements="3" conditionals="4" coveredconditionals="4" methods="1" coveredmethods="1"/>
        <line num="7" count="48" type="stmt"/>
        <line num="8" count="48" type="stmt"/>
        <line num="10" count="48" type="stmt"/>
      </file>
    </package>
    <package name="src.components.AvatarView">
      <metrics statements="6" coveredstatements="6" conditionals="2" coveredconditionals="2" methods="4" coveredmethods="4"/>
      <file name="index.tsx" path="/Users/kaiquefeng/www/avatar-upload/src/components/AvatarView/index.tsx">
        <metrics statements="6" coveredstatements="6" conditionals="2" coveredconditionals="2" methods="4" coveredmethods="4"/>
        <line num="6" count="24" type="stmt"/>
        <line num="8" count="24" type="stmt"/>
        <line num="10" count="24" type="stmt"/>
        <line num="15" count="4" type="stmt"/>
        <line num="29" count="4" type="stmt"/>
        <line num="45" count="2" type="stmt"/>
      </file>
    </package>
    <package name="src.components.ImageRound">
      <metrics statements="4" coveredstatements="4" conditionals="2" coveredconditionals="2" methods="1" coveredmethods="1"/>
      <file name="index.tsx" path="/Users/kaiquefeng/www/avatar-upload/src/components/ImageRound/index.tsx">
        <metrics statements="4" coveredstatements="4" conditionals="2" coveredconditionals="2" methods="1" coveredmethods="1"/>
        <line num="11" count="28" type="stmt"/>
        <line num="12" count="28" type="stmt"/>
        <line num="14" count="28" type="stmt"/>
        <line num="16" count="28" type="stmt"/>
      </file>
    </package>
    <package name="src.context">
      <metrics statements="26" coveredstatements="26" conditionals="1" coveredconditionals="1" methods="6" coveredmethods="6"/>
      <file name="useAvatarFile.tsx" path="/Users/kaiquefeng/www/avatar-upload/src/context/useAvatarFile.tsx">
        <metrics statements="26" coveredstatements="26" conditionals="1" coveredconditionals="1" methods="6" coveredmethods="6"/>
        <line num="17" count="14" type="stmt"/>
        <line num="21" count="72" type="stmt"/>
        <line num="22" count="72" type="stmt"/>
        <line num="23" count="72" type="stmt"/>
        <line num="27" count="72" type="stmt"/>
        <line num="28" count="72" type="stmt"/>
        <line num="31" count="18" type="stmt"/>
        <line num="35" count="18" type="stmt"/>
        <line num="36" count="18" type="stmt"/>
        <line num="37" count="18" type="stmt"/>
        <line num="41" count="2" type="stmt"/>
        <line num="42" count="2" type="stmt"/>
        <line num="43" count="2" type="stmt"/>
        <line num="50" count="10" type="stmt"/>
        <line num="51" count="10" type="stmt"/>
        <line num="52" count="10" type="stmt"/>
        <line num="53" count="10" type="stmt"/>
        <line num="54" count="10" type="stmt"/>
        <line num="56" count="10" type="cond" truecount="1" falsecount="0"/>
        <line num="57" count="4" type="stmt"/>
        <line num="58" count="4" type="stmt"/>
        <line num="64" count="10" type="stmt"/>
        <line num="68" count="2" type="stmt"/>
        <line num="71" count="72" type="stmt"/>
        <line num="89" count="172" type="stmt"/>
        <line num="90" count="172" type="stmt"/>
      </file>
    </package>
  </project>
</coverage>
