{"/Users/kaiquefeng/www/avatar-upload/src/App.tsx": {"path":"/Users/kaiquefeng/www/avatar-upload/src/App.tsx","statementMap":{"0":{"start":{"line":6,"column":15},"end":{"line":6,"column":null}},"1":{"start":{"line":7,"column":27},"end":{"line":7,"column":null}},"2":{"start":{"line":9,"column":2},"end":{"line":10,"column":9}},"3":{"start":{"line":6,"column":9},"end":{"line":6,"column":15}}},"fnMap":{"0":{"name":"App","decl":{"start":{"line":6,"column":9},"end":{"line":6,"column":15}},"loc":{"start":{"line":6,"column":15},"end":{"line":14,"column":null}}}},"branchMap":{"0":{"loc":{"start":{"line":11,"column":7},"end":{"line":11,"column":43}},"type":"cond-expr","locations":[{"start":{"line":11,"column":25},"end":{"line":11,"column":26}},{"start":{"line":11,"column":42},"end":{"line":11,"column":43}}]},"1":{"loc":{"start":{"line":11,"column":7},"end":{"line":11,"column":25}},"type":"binary-expr","locations":[{"start":{"line":11,"column":7},"end":{"line":11,"column":15}},{"start":{"line":11,"column":15},"end":{"line":11,"column":25}}]}},"s":{"0":72,"1":72,"2":72,"3":14},"f":{"0":72},"b":{"0":[24,48],"1":[72,28]}}
,"/Users/kaiquefeng/www/avatar-upload/src/main.tsx": {"path":"/Users/kaiquefeng/www/avatar-upload/src/main.tsx","statementMap":{"0":{"start":{"line":8,"column":0},"end":{"line":8,"column":9}}},"fnMap":{},"branchMap":{},"s":{"0":14},"f":{},"b":{}}
,"/Users/kaiquefeng/www/avatar-upload/src/components/AvatarUpload/index.tsx": {"path":"/Users/kaiquefeng/www/avatar-upload/src/components/AvatarUpload/index.tsx","statementMap":{"0":{"start":{"line":7,"column":31},"end":{"line":7,"column":null}},"1":{"start":{"line":8,"column":52},"end":{"line":8,"column":null}},"2":{"start":{"line":10,"column":2},"end":{"line":11,"column":9}},"3":{"start":{"line":7,"column":16},"end":{"line":7,"column":31}}},"fnMap":{"0":{"name":"AvatarUpload","decl":{"start":{"line":7,"column":16},"end":{"line":7,"column":31}},"loc":{"start":{"line":7,"column":31},"end":{"line":34,"column":null}}}},"branchMap":{"0":{"loc":{"start":{"line":20,"column":9},"end":{"line":20,"column":20}},"type":"binary-expr","locations":[{"start":{"line":20,"column":9},"end":{"line":20,"column":19}},{"start":{"line":20,"column":19},"end":{"line":20,"column":20}}]},"1":{"loc":{"start":{"line":24,"column":17},"end":{"line":24,"column":null}},"type":"cond-expr","locations":[{"start":{"line":24,"column":26},"end":{"line":24,"column":28}},{"start":{"line":24,"column":51},"end":{"line":24,"column":null}}]}},"s":{"0":48,"1":48,"2":48,"3":14},"f":{"0":48},"b":{"0":[48,4],"1":[4,44]}}
,"/Users/kaiquefeng/www/avatar-upload/src/components/AvatarView/index.tsx": {"path":"/Users/kaiquefeng/www/avatar-upload/src/components/AvatarView/index.tsx","statementMap":{"0":{"start":{"line":6,"column":29},"end":{"line":6,"column":null}},"1":{"start":{"line":8,"column":4},"end":{"line":8,"column":null}},"2":{"start":{"line":10,"column":2},"end":{"line":11,"column":9}},"3":{"start":{"line":15,"column":23},"end":{"line":15,"column":null}},"4":{"start":{"line":29,"column":30},"end":{"line":29,"column":50}},"5":{"start":{"line":45,"column":64},"end":{"line":45,"column":null}},"6":{"start":{"line":6,"column":16},"end":{"line":6,"column":29}}},"fnMap":{"0":{"name":"AvatarView","decl":{"start":{"line":6,"column":16},"end":{"line":6,"column":29}},"loc":{"start":{"line":6,"column":29},"end":{"line":54,"column":null}}},"1":{"name":"(anonymous_2)","decl":{"start":{"line":15,"column":17},"end":{"line":15,"column":23}},"loc":{"start":{"line":15,"column":23},"end":{"line":15,"column":null}}},"2":{"name":"(anonymous_3)","decl":{"start":{"line":29,"column":24},"end":{"line":29,"column":30}},"loc":{"start":{"line":29,"column":30},"end":{"line":29,"column":50}}},"3":{"name":"(anonymous_4)","decl":{"start":{"line":45,"column":58},"end":{"line":45,"column":64}},"loc":{"start":{"line":45,"column":64},"end":{"line":45,"column":null}}}},"branchMap":{"0":{"loc":{"start":{"line":21,"column":9},"end":{"line":34,"column":null}},"type":"cond-expr","locations":[{"start":{"line":22,"column":10},"end":{"line":22,"column":15}},{"start":{"line":34,"column":10},"end":{"line":34,"column":null}}]}},"s":{"0":24,"1":24,"2":24,"3":4,"4":4,"5":2,"6":14},"f":{"0":24,"1":4,"2":4,"3":2},"b":{"0":[8,16]}}
,"/Users/kaiquefeng/www/avatar-upload/src/components/ImageRound/index.tsx": {"path":"/Users/kaiquefeng/www/avatar-upload/src/components/ImageRound/index.tsx","statementMap":{"0":{"start":{"line":11,"column":65},"end":{"line":11,"column":null}},"1":{"start":{"line":12,"column":20},"end":{"line":12,"column":null}},"2":{"start":{"line":14,"column":2},"end":{"line":14,"column":10}},"3":{"start":{"line":16,"column":2},"end":{"line":17,"column":9}},"4":{"start":{"line":11,"column":16},"end":{"line":11,"column":27}}},"fnMap":{"0":{"name":"ImageRound","decl":{"start":{"line":11,"column":16},"end":{"line":11,"column":27}},"loc":{"start":{"line":11,"column":65},"end":{"line":35,"column":null}}}},"branchMap":{"0":{"loc":{"start":{"line":18,"column":7},"end":{"line":21,"column":null}},"type":"cond-expr","locations":[{"start":{"line":19,"column":8},"end":{"line":19,"column":13}},{"start":{"line":21,"column":8},"end":{"line":21,"column":null}}]}},"s":{"0":28,"1":28,"2":28,"3":28,"4":14},"f":{"0":28},"b":{"0":[8,20]}}
,"/Users/kaiquefeng/www/avatar-upload/src/context/useAvatarFile.tsx": {"path":"/Users/kaiquefeng/www/avatar-upload/src/context/useAvatarFile.tsx","statementMap":{"0":{"start":{"line":17,"column":26},"end":{"line":17,"column":32}},"1":{"start":{"line":21,"column":34},"end":{"line":87,"column":null}},"2":{"start":{"line":21,"column":57},"end":{"line":21,"column":null}},"3":{"start":{"line":22,"column":26},"end":{"line":22,"column":35}},"4":{"start":{"line":23,"column":36},"end":{"line":23,"column":45}},"5":{"start":{"line":27,"column":30},"end":{"line":27,"column":39}},"6":{"start":{"line":28,"column":28},"end":{"line":28,"column":37}},"7":{"start":{"line":31,"column":4},"end":{"line":31,"column":17}},"8":{"start":{"line":35,"column":4},"end":{"line":35,"column":12}},"9":{"start":{"line":36,"column":4},"end":{"line":36,"column":14}},"10":{"start":{"line":37,"column":4},"end":{"line":37,"column":13}},"11":{"start":{"line":41,"column":22},"end":{"line":41,"column":null}},"12":{"start":{"line":42,"column":4},"end":{"line":42,"column":12}},"13":{"start":{"line":43,"column":4},"end":{"line":43,"column":17}},"14":{"start":{"line":50,"column":4},"end":{"line":50,"column":null}},"15":{"start":{"line":51,"column":20},"end":{"line":51,"column":null}},"16":{"start":{"line":52,"column":26},"end":{"line":52,"column":34}},"17":{"start":{"line":53,"column":4},"end":{"line":53,"column":12}},"18":{"start":{"line":54,"column":29},"end":{"line":54,"column":30}},"19":{"start":{"line":56,"column":4},"end":{"line":63,"column":null}},"20":{"start":{"line":57,"column":6},"end":{"line":57,"column":14}},"21":{"start":{"line":58,"column":6},"end":{"line":58,"column":null}},"22":{"start":{"line":64,"column":4},"end":{"line":64,"column":12}},"23":{"start":{"line":68,"column":4},"end":{"line":68,"column":14}},"24":{"start":{"line":71,"column":2},"end":{"line":72,"column":5}},"25":{"start":{"line":21,"column":13},"end":{"line":21,"column":34}},"26":{"start":{"line":89,"column":29},"end":{"line":91,"column":null}},"27":{"start":{"line":89,"column":35},"end":{"line":89,"column":null}},"28":{"start":{"line":90,"column":2},"end":{"line":90,"column":20}}},"fnMap":{"0":{"name":"(anonymous_1)","decl":{"start":{"line":21,"column":34},"end":{"line":21,"column":35}},"loc":{"start":{"line":21,"column":57},"end":{"line":87,"column":null}}},"1":{"name":"clearFileArchive","decl":{"start":{"line":30,"column":11},"end":{"line":30,"column":30}},"loc":{"start":{"line":30,"column":30},"end":{"line":38,"column":null}}},"2":{"name":"resizeImage","decl":{"start":{"line":40,"column":11},"end":{"line":40,"column":23}},"loc":{"start":{"line":40,"column":26},"end":{"line":47,"column":null}}},"3":{"name":"handleChange","decl":{"start":{"line":49,"column":11},"end":{"line":49,"column":24}},"loc":{"start":{"line":49,"column":27},"end":{"line":65,"column":null}}},"4":{"name":"handleDone","decl":{"start":{"line":67,"column":11},"end":{"line":67,"column":24}},"loc":{"start":{"line":67,"column":24},"end":{"line":69,"column":null}}},"5":{"name":"(anonymous_6)","decl":{"start":{"line":89,"column":29},"end":{"line":89,"column":35}},"loc":{"start":{"line":89,"column":35},"end":{"line":91,"column":null}}}},"branchMap":{"0":{"loc":{"start":{"line":56,"column":4},"end":{"line":63,"column":null}},"type":"if","locations":[{"start":{"line":56,"column":4},"end":{"line":63,"column":null}}]}},"s":{"0":14,"1":14,"2":72,"3":72,"4":72,"5":72,"6":72,"7":18,"8":18,"9":18,"10":18,"11":2,"12":2,"13":2,"14":10,"15":10,"16":10,"17":10,"18":10,"19":10,"20":4,"21":4,"22":10,"23":2,"24":72,"25":14,"26":14,"27":172,"28":172},"f":{"0":72,"1":18,"2":2,"3":10,"4":2,"5":172},"b":{"0":[4]}}
}
