TN:
SF:src/App.tsx
FN:6,App
FNF:1
FNH:1
FNDA:212,App
DA:6,212
DA:7,212
DA:9,212
LF:3
LH:3
BRDA:11,0,0,70
BRDA:11,0,1,142
BRDA:11,1,0,212
BRDA:11,1,1,80
BRF:4
BRH:4
end_of_record
TN:
SF:src/main.tsx
FNF:0
FNH:0
DA:8,42
LF:1
LH:1
BRF:0
BRH:0
end_of_record
TN:
SF:src/components/AvatarUpload/index.tsx
FN:7,AvatarUpload
FNF:1
FNH:1
FNDA:142,AvatarUpload
DA:7,142
DA:8,142
DA:10,142
LF:3
LH:3
BRDA:20,0,0,142
BRDA:20,0,1,10
BRDA:24,1,0,10
BRDA:24,1,1,132
BRF:4
BRH:4
end_of_record
TN:
SF:src/components/AvatarView/index.tsx
FN:6,AvatarView
FN:15,(anonymous_2)
FN:29,(anonymous_3)
FN:45,(anonymous_4)
FNF:4
FNH:4
FNDA:70,AvatarView
FNDA:12,(anonymous_2)
FNDA:12,(anonymous_3)
FNDA:6,(anonymous_4)
DA:6,70
DA:8,70
DA:10,70
DA:15,12
DA:29,12
DA:45,6
LF:6
LH:6
BRDA:21,0,0,24
BRDA:21,0,1,46
BRF:2
BRH:2
end_of_record
TN:
SF:src/components/ImageRound/index.tsx
FN:11,ImageRound
FNF:1
FNH:1
FNDA:80,ImageRound
DA:11,80
DA:12,80
DA:14,80
DA:16,80
LF:4
LH:4
BRDA:18,0,0,24
BRDA:18,0,1,56
BRF:2
BRH:2
end_of_record
TN:
SF:src/context/useAvatarFile.tsx
FN:21,(anonymous_1)
FN:30,clearFileArchive
FN:40,resizeImage
FN:49,handleChange
FN:67,handleDone
FN:89,(anonymous_6)
FNF:6
FNH:6
FNDA:212,(anonymous_1)
FNDA:54,clearFileArchive
FNDA:6,resizeImage
FNDA:30,handleChange
FNDA:5,handleDone
FNDA:504,(anonymous_6)
DA:17,42
DA:21,212
DA:22,212
DA:23,212
DA:27,212
DA:28,212
DA:31,54
DA:35,54
DA:36,54
DA:37,54
DA:41,6
DA:42,5
DA:43,5
DA:50,30
DA:51,30
DA:52,30
DA:53,30
DA:54,30
DA:56,30
DA:57,21
DA:58,12
DA:64,21
DA:68,18
DA:71,110
DA:89,279
DA:90,504
LF:26
LH:26
BRDA:56,0,0,12
BRF:1
BRH:1
end_of_record
