TN:
SF:src/App.tsx
FN:6,App
FNF:1
FNH:1
FNDA:72,App
DA:6,72
DA:7,72
DA:9,72
LF:3
LH:3
BRDA:11,0,0,24
BRDA:11,0,1,48
BRDA:11,1,0,72
BRDA:11,1,1,28
BRF:4
BRH:4
end_of_record
TN:
SF:src/main.tsx
FNF:0
FNH:0
DA:8,14
LF:1
LH:1
BRF:0
BRH:0
end_of_record
TN:
SF:src/components/AvatarUpload/index.tsx
FN:7,AvatarUpload
FNF:1
FNH:1
FNDA:48,AvatarUpload
DA:7,48
DA:8,48
DA:10,48
LF:3
LH:3
BRDA:20,0,0,48
BRDA:20,0,1,4
BRDA:24,1,0,4
BRDA:24,1,1,44
BRF:4
BRH:4
end_of_record
TN:
SF:src/components/AvatarView/index.tsx
FN:6,AvatarView
FN:15,(anonymous_2)
FN:29,(anonymous_3)
FN:45,(anonymous_4)
FNF:4
FNH:4
FNDA:24,AvatarView
FNDA:4,(anonymous_2)
FNDA:4,(anonymous_3)
FNDA:2,(anonymous_4)
DA:6,24
DA:8,24
DA:10,24
DA:15,4
DA:29,4
DA:45,2
LF:6
LH:6
BRDA:21,0,0,8
BRDA:21,0,1,16
BRF:2
BRH:2
end_of_record
TN:
SF:src/components/ImageRound/index.tsx
FN:11,ImageRound
FNF:1
FNH:1
FNDA:28,ImageRound
DA:11,28
DA:12,28
DA:14,28
DA:16,28
LF:4
LH:4
BRDA:18,0,0,8
BRDA:18,0,1,20
BRF:2
BRH:2
end_of_record
TN:
SF:src/context/useAvatarFile.tsx
FN:21,(anonymous_1)
FN:30,clearFileArchive
FN:40,resizeImage
FN:49,handleChange
FN:67,handleDone
FN:89,(anonymous_6)
FNF:6
FNH:6
FNDA:72,(anonymous_1)
FNDA:18,clearFileArchive
FNDA:2,resizeImage
FNDA:10,handleChange
FNDA:2,handleDone
FNDA:172,(anonymous_6)
DA:17,14
DA:21,72
DA:22,72
DA:23,72
DA:27,72
DA:28,72
DA:31,18
DA:35,18
DA:36,18
DA:37,18
DA:41,2
DA:42,2
DA:43,2
DA:50,10
DA:51,10
DA:52,10
DA:53,10
DA:54,10
DA:56,10
DA:57,4
DA:58,4
DA:64,10
DA:68,2
DA:71,72
DA:89,172
DA:90,172
LF:26
LH:26
BRDA:56,0,0,4
BRF:1
BRH:1
end_of_record
